<?xml version="1.0" encoding="UTF-8"?>
<!-- Generated by org.testng.reporters.JUnitReportReporter -->
<testsuite ignored="0" hostname="G10CHLT018" failures="0" tests="1" name="com.portfolio.testCases.GetPortfolioScoreByScorecardIdTests" time="4.704" errors="0" timestamp="15 Nov 2019 12:06:06 GMT" skipped="0">
  <testcase classname="com.portfolio.testCases.GetPortfolioScoreByScorecardIdTests" name="portfolioScoreByScorecardId" time="4.704"/>
</testsuite> <!-- com.portfolio.testCases.GetPortfolioScoreByScorecardIdTests -->
