<?xml version="1.0" encoding="UTF-8"?>
<!-- Generated by org.testng.reporters.JUnitReportReporter -->
<testsuite ignored="0" hostname="G10CHLT018" failures="0" tests="1" name="authentication.ForgotPassAPITest" time="4.348" errors="0" timestamp="21 Aug 2019 10:58:40 GMT" skipped="0">
  <testcase classname="authentication.ForgotPassAPITest" name="testForgotPass" time="4.348"/>
</testsuite> <!-- authentication.ForgotPassAPITest -->
