<?xml version="1.0" encoding="UTF-8"?>
<!-- Generated by org.testng.reporters.JUnitReportReporter -->
<testsuite ignored="0" hostname="G10CHLT018" failures="0" tests="18" name="com.wellv1.project.ValidateV1EstimateTest" time="294.760" errors="0" timestamp="30 Oct 2019 07:21:27 GMT" skipped="0">
  <testcase classname="com.wellv1.project.ValidateV1EstimateTest" name="validateCountryPortfolioMoreThan5L" time="15.718"/>
  <testcase classname="com.wellv1.project.ValidateV1EstimateTest" name="validateCountryLessThan50k" time="15.847"/>
  <testcase classname="com.wellv1.project.ValidateV1EstimateTest" name="validateCornerStoneMoreThan5L" time="16.698"/>
  <testcase classname="com.wellv1.project.ValidateV1EstimateTest" name="validatePortfolioLessThan5L" time="16.440"/>
  <testcase classname="com.wellv1.project.ValidateV1EstimateTest" name="validateCountryPortfolioLessThan5L" time="15.798"/>
  <testcase classname="com.wellv1.project.ValidateV1EstimateTest" name="validateNoDiscLessThan50k" time="15.447"/>
  <testcase classname="com.wellv1.project.ValidateV1EstimateTest" name="validateCornerStoneLessThan50K" time="18.098"/>
  <testcase classname="com.wellv1.project.ValidateV1EstimateTest" name="validateCornerStoneLessThan5L" time="16.953"/>
  <testcase classname="com.wellv1.project.ValidateV1EstimateTest" name="validateCountryMoreThan5L" time="15.259"/>
  <testcase classname="com.wellv1.project.ValidateV1EstimateTest" name="validateNoDiscMoreThan5L" time="17.277"/>
  <testcase classname="com.wellv1.project.ValidateV1EstimateTest" name="validateCountryCornerLessThan5L" time="16.698"/>
  <testcase classname="com.wellv1.project.ValidateV1EstimateTest" name="validateCountryPortfolioLessThan50k" time="15.922"/>
  <testcase classname="com.wellv1.project.ValidateV1EstimateTest" name="validateCountryLessThan5L" time="16.549"/>
  <testcase classname="com.wellv1.project.ValidateV1EstimateTest" name="validateCountryCornerLessThan50k" time="16.530"/>
  <testcase classname="com.wellv1.project.ValidateV1EstimateTest" name="validatePortfolioLessThan50K" time="17.011"/>
  <testcase classname="com.wellv1.project.ValidateV1EstimateTest" name="validateCountryCornerMoreThan5L" time="15.702"/>
  <testcase classname="com.wellv1.project.ValidateV1EstimateTest" name="validatePortfolioMoreThan5L" time="16.290"/>
  <testcase classname="com.wellv1.project.ValidateV1EstimateTest" name="validateNoDiscLessThan5L" time="16.523"/>
</testsuite> <!-- com.wellv1.project.ValidateV1EstimateTest -->
