<?xml version="1.0" encoding="UTF-8"?>
<!-- Generated by org.testng.reporters.JUnitReportReporter -->
<testsuite ignored="0" hostname="G10CHLT018" failures="0" tests="2" name="com.project.testCases.UpdateEPAsApproved" time="4.667" errors="0" timestamp="22 Nov 2019 07:19:03 GMT" skipped="0">
  <testcase classname="com.project.testCases.UpdateEPAsApproved" name="updateEPAsAdmin" time="3.013"/>
  <testcase classname="com.project.testCases.UpdateEPAsApproved" name="testApprovedStatusEP" time="1.654"/>
</testsuite> <!-- com.project.testCases.UpdateEPAsApproved -->
