<?xml version="1.0" encoding="UTF-8"?>
<!-- Generated by org.testng.reporters.JUnitReportReporter -->
<testsuite ignored="0" hostname="G10CHLT018" failures="0" tests="1" name="com.portfolio.testCases.FilterScorecardByConceptTests" time="4.510" errors="0" timestamp="15 Nov 2019 11:56:24 GMT" skipped="0">
  <testcase classname="com.portfolio.testCases.FilterScorecardByConceptTests" name="filterScorecardByConcept" time="4.510"/>
</testsuite> <!-- com.portfolio.testCases.FilterScorecardByConceptTests -->
