<?xml version="1.0" encoding="UTF-8"?>
<!-- Generated by org.testng.reporters.JUnitReportReporter -->
<testsuite ignored="0" hostname="G10CHLT018" failures="0" tests="3" name="com.autentication.testCases.RegisterAPITest" time="5.351" errors="0" timestamp="26 Aug 2019 15:48:04 GMT" skipped="0">
  <testcase classname="com.autentication.testCases.RegisterAPITest" name="testUserRegistration" time="2.516"/>
  <testcase classname="com.autentication.testCases.RegisterAPITest" name="testExistingUserRegistration" time="1.393"/>
  <testcase classname="com.autentication.testCases.RegisterAPITest" name="testExistingUserRegistration" time="1.442"/>
</testsuite> <!-- com.autentication.testCases.RegisterAPITest -->
