<?xml version="1.0" encoding="UTF-8"?>
<!-- Generated by org.testng.reporters.JUnitReportReporter -->
<testsuite ignored="0" hostname="G10CHLT018" failures="0" tests="2" name="com.project.testCases.UpdateAAPAsApproved" time="4.111" errors="0" timestamp="22 Nov 2019 07:19:03 GMT" skipped="0">
  <testcase classname="com.project.testCases.UpdateAAPAsApproved" name="UpdateAAPAsAdmin" time="2.570"/>
  <testcase classname="com.project.testCases.UpdateAAPAsApproved" name="testApprovedStatusAAP" time="1.541"/>
</testsuite> <!-- com.project.testCases.UpdateAAPAsApproved -->
