<?xml version="1.0" encoding="UTF-8"?>
<!-- Generated by org.testng.reporters.JUnitReportReporter -->
<testsuite ignored="0" hostname="G10CHLT018" failures="0" tests="4" name="authentication.SignInTest" time="8.348" errors="0" timestamp="21 Aug 2019 07:27:38 GMT" skipped="0">
  <testcase classname="authentication.SignInTest" name="testInvalidEmail" time="4.509"/>
  <testcase classname="authentication.SignInTest" name="testValidEmailPassword" time="1.301"/>
  <testcase classname="authentication.SignInTest" name="testValidEmailPassword" time="1.304"/>
  <testcase classname="authentication.SignInTest" name="testInvalidEmail" time="1.234"/>
</testsuite> <!-- authentication.SignInTest -->
