<?xml version="1.0" encoding="UTF-8"?>
<!-- Generated by org.testng.reporters.JUnitReportReporter -->
<testsuite ignored="0" hostname="G10CHLT018" failures="0" tests="1" name="com.portfolio.testCases.GetAllNotesByPortfolioIdTests" time="1.590" errors="0" timestamp="22 Nov 2019 07:19:03 GMT" skipped="0">
  <testcase classname="com.portfolio.testCases.GetAllNotesByPortfolioIdTests" name="getAllNotesByPortfolioId" time="1.590"/>
</testsuite> <!-- com.portfolio.testCases.GetAllNotesByPortfolioIdTests -->
