<?xml version="1.0" encoding="UTF-8"?>
<!-- Generated by org.testng.reporters.JUnitReportReporter -->
<testsuite ignored="0" hostname="G10CHLT018" failures="0" tests="1" name="com.project.scorecard.DownloadAllDocumentScorecardTest" time="7.716" errors="0" timestamp="22 Oct 2019 05:58:15 GMT" skipped="0">
  <testcase classname="com.project.scorecard.DownloadAllDocumentScorecardTest" name="downloadAllDocumentForScorecard" time="7.716"/>
</testsuite> <!-- com.project.scorecard.DownloadAllDocumentScorecardTest -->
