<?xml version="1.0" encoding="UTF-8"?>
<!-- Generated by org.testng.reporters.JUnitReportReporter -->
<testsuite ignored="0" hostname="G10CHLT018" failures="0" tests="2" name="com.portfolio.testCases.AddMultiplePropertiesToPortfolioTests" time="23.145" errors="0" timestamp="22 Nov 2019 07:19:03 GMT" skipped="0">
  <testcase classname="com.portfolio.testCases.AddMultiplePropertiesToPortfolioTests" name="addMultipleSQMPropertiesToPortfolio" time="6.911"/>
  <testcase classname="com.portfolio.testCases.AddMultiplePropertiesToPortfolioTests" name="addMultipleSQFTPropertiesToPortfolio" time="16.234"/>
</testsuite> <!-- com.portfolio.testCases.AddMultiplePropertiesToPortfolioTests -->
