<?xml version="1.0" encoding="UTF-8"?>
<!-- Generated by org.testng.reporters.JUnitReportReporter -->
<testsuite ignored="0" hostname="G10CHLT018" failures="0" tests="1" name="com.project.scorecard.GetScorecardByPhase" time="2.519" errors="0" timestamp="22 Nov 2019 07:19:03 GMT" skipped="0">
  <testcase classname="com.project.scorecard.GetScorecardByPhase" name="getScorecardByPhase" time="2.519"/>
</testsuite> <!-- com.project.scorecard.GetScorecardByPhase -->
