<?xml version="1.0" encoding="UTF-8"?>
<!-- Generated by org.testng.reporters.JUnitReportReporter -->
<testsuite ignored="0" hostname="G10CHLT018" failures="0" tests="2" name="com.users.testCases.UpdateUserIdTest" time="3.226" errors="0" timestamp="11 Sep 2019 12:00:05 GMT" skipped="0">
  <testcase classname="com.users.testCases.UpdateUserIdTest" name="updateUserIdOptionalInfo" time="1.602"/>
  <testcase classname="com.users.testCases.UpdateUserIdTest" name="updateUserIdInfo" time="1.624"/>
</testsuite> <!-- com.users.testCases.UpdateUserIdTest -->
