<?xml version="1.0" encoding="UTF-8"?>
<!-- Generated by org.testng.reporters.JUnitReportReporter -->
<testsuite ignored="0" hostname="G10CHLT018" failures="0" tests="1" name="com.portfolio.testCases.GetSubsetProjectsByIdTests" time="1.559" errors="0" timestamp="22 Nov 2019 07:19:03 GMT" skipped="0">
  <testcase classname="com.portfolio.testCases.GetSubsetProjectsByIdTests" name="getSubsetProjectsById" time="1.559"/>
</testsuite> <!-- com.portfolio.testCases.GetSubsetProjectsByIdTests -->
