<?xml version="1.0" encoding="UTF-8"?>
<!-- Generated by org.testng.reporters.JUnitReportReporter -->
<testsuite ignored="0" hostname="G10CHLT018" failures="0" tests="1" name="com.portfolio.testCases.GetPortfolioSummaryTests" time="3.656" errors="0" timestamp="18 Nov 2019 09:13:38 GMT" skipped="0">
  <testcase classname="com.portfolio.testCases.GetPortfolioSummaryTests" name="getPortfolioSummary" time="3.656"/>
</testsuite> <!-- com.portfolio.testCases.GetPortfolioSummaryTests -->
