<?xml version="1.0" encoding="UTF-8"?>
<!-- Generated by org.testng.reporters.JUnitReportReporter -->
<testsuite ignored="0" hostname="G10CHLT018" failures="0" tests="1" name="com.portfolio.testCases.InvitePortfolioMemberTests" time="4.770" errors="0" timestamp="15 Nov 2019 11:02:53 GMT" skipped="0">
  <testcase classname="com.portfolio.testCases.InvitePortfolioMemberTests" name="invitePortfolioMember" time="4.770"/>
</testsuite> <!-- com.portfolio.testCases.InvitePortfolioMemberTests -->
