<?xml version="1.0" encoding="UTF-8"?>
<!-- Generated by org.testng.reporters.JUnitReportReporter -->
<testsuite ignored="0" hostname="G10CHLT018" failures="0" tests="1" name="com.project.scorecard.GetScorecardByIdTest" time="1.906" errors="0" timestamp="22 Nov 2019 07:19:03 GMT" skipped="0">
  <testcase classname="com.project.scorecard.GetScorecardByIdTest" name="getScorecardById" time="1.906"/>
</testsuite> <!-- com.project.scorecard.GetScorecardByIdTest -->
