<?xml version="1.0" encoding="UTF-8"?>
<!-- Generated by org.testng.reporters.JUnitReportReporter -->
<testsuite ignored="0" hostname="G10CHLT018" failures="0" tests="1" name="com.project.scorecard.UpdateDocumentByDocumentId" time="13.515" errors="0" timestamp="23 Oct 2019 07:41:30 GMT" skipped="0">
  <testcase classname="com.project.scorecard.UpdateDocumentByDocumentId" name="updateScorecardDocumentById" time="13.515"/>
</testsuite> <!-- com.project.scorecard.UpdateDocumentByDocumentId -->
