<?xml version="1.0" encoding="UTF-8"?>
<!-- Generated by org.testng.reporters.JUnitReportReporter -->
<testsuite ignored="0" hostname="G10CHLT018" failures="0" tests="1" name="com.portfolio.testCases.GetPortfolioWizardProjectsTests" time="2.248" errors="0" timestamp="22 Nov 2019 07:19:03 GMT" skipped="0">
  <testcase classname="com.portfolio.testCases.GetPortfolioWizardProjectsTests" name="getPortfolioWizardProjects" time="2.248"/>
</testsuite> <!-- com.portfolio.testCases.GetPortfolioWizardProjectsTests -->
