<?xml version="1.0" encoding="UTF-8"?>
<!-- Generated by org.testng.reporters.JUnitReportReporter -->
<testsuite ignored="0" hostname="G10CHLT018" failures="0" tests="1" name="com.portfolio.testCases.GetPortfolioAgreementTests" time="5.201" errors="0" timestamp="11 Nov 2019 11:30:51 GMT" skipped="0">
  <testcase classname="com.portfolio.testCases.GetPortfolioAgreementTests" name="getPortfolioAgreement" time="5.201"/>
</testsuite> <!-- com.portfolio.testCases.GetPortfolioAgreementTests -->
