<?xml version="1.0" encoding="UTF-8"?>
<!-- Generated by org.testng.reporters.JUnitReportReporter -->
<testsuite ignored="0" hostname="G10CHLT018" failures="0" tests="1" name="com.project.testCases.DetachProjectMemberTest" time="4.434" errors="0" timestamp="01 Nov 2019 04:45:30 GMT" skipped="0">
  <testcase classname="com.project.testCases.DetachProjectMemberTest" name="detachProjectMember" time="4.434"/>
</testsuite> <!-- com.project.testCases.DetachProjectMemberTest -->
