<?xml version="1.0" encoding="UTF-8"?>
<!-- Generated by org.testng.reporters.JUnitReportReporter -->
<testsuite ignored="0" hostname="G10CHLT018" failures="0" tests="1" name="com.portfolio.testCases.GetProjectLocationsTests" time="1.651" errors="0" timestamp="22 Nov 2019 07:19:03 GMT" skipped="0">
  <testcase classname="com.portfolio.testCases.GetProjectLocationsTests" name="getPortfolioProjectLocations" time="1.651"/>
</testsuite> <!-- com.portfolio.testCases.GetProjectLocationsTests -->
