<?xml version="1.0" encoding="UTF-8"?>
<!-- Generated by org.testng.reporters.JUnitReportReporter -->
<testsuite ignored="0" hostname="G10CHLT018" failures="0" tests="1" name="com.project.scorecard.GetVersionByScorecardIdTests" time="12.918" errors="0" timestamp="17 Oct 2019 09:55:43 GMT" skipped="0">
  <testcase classname="com.project.scorecard.GetVersionByScorecardIdTests" name="getVersionByScorecardId" time="12.918"/>
</testsuite> <!-- com.project.scorecard.GetVersionByScorecardIdTests -->
