<?xml version="1.0" encoding="UTF-8"?>
<!-- Generated by org.testng.reporters.JUnitReportReporter -->
<testsuite ignored="0" hostname="G10CHLT018" failures="0" tests="1" name="com.wellv1.project.CreateV1EstimateTest" time="1.843" errors="0" timestamp="22 Nov 2019 07:19:03 GMT" skipped="0">
  <testcase classname="com.wellv1.project.CreateV1EstimateTest" name="createV1Estimate" time="1.843"/>
</testsuite> <!-- com.wellv1.project.CreateV1EstimateTest -->
