<?xml version="1.0" encoding="UTF-8"?>
<!-- Generated by org.testng.reporters.JUnitReportReporter -->
<testsuite ignored="0" hostname="G10CHLT018" failures="0" tests="1" name="com.users.testCases.UpdatePasswordForUserTest" time="1.734" errors="0" timestamp="22 Nov 2019 07:19:03 GMT" skipped="0">
  <testcase classname="com.users.testCases.UpdatePasswordForUserTest" name="updatePassword" time="1.734"/>
</testsuite> <!-- com.users.testCases.UpdatePasswordForUserTest -->
