<?xml version="1.0" encoding="UTF-8"?>
<!-- Generated by org.testng.reporters.JUnitReportReporter -->
<testsuite ignored="0" hostname="G10CHLT018" failures="0" tests="1" name="com.project.testCases.UpdateProjectByProjectId" time="2.230" errors="0" timestamp="22 Nov 2019 07:19:03 GMT" skipped="0">
  <testcase classname="com.project.testCases.UpdateProjectByProjectId" name="updateProject" time="2.230"/>
</testsuite> <!-- com.project.testCases.UpdateProjectByProjectId -->
