<?xml version="1.0" encoding="UTF-8"?>
<!-- Generated by org.testng.reporters.JUnitReportReporter -->
<testsuite ignored="0" hostname="G10CHLT018" failures="0" tests="1" name="com.portfolio.testCases.FilterScorecardByConcept" time="2.439" errors="0" timestamp="22 Nov 2019 07:19:03 GMT" skipped="0">
  <testcase classname="com.portfolio.testCases.FilterScorecardByConcept" name="filterScorecardByConcept" time="2.439"/>
</testsuite> <!-- com.portfolio.testCases.FilterScorecardByConcept -->
