<?xml version="1.0" encoding="UTF-8"?>
<!-- Generated by org.testng.reporters.JUnitReportReporter -->
<testsuite ignored="0" hostname="G10CHLT018" failures="0" tests="1" name="com.project.testCases.UpdateProjectByProjectId" time="2.531" errors="0" timestamp="11 Sep 2019 12:00:05 GMT" skipped="0">
  <testcase classname="com.project.testCases.UpdateProjectByProjectId" name="updateProject" time="2.531"/>
</testsuite> <!-- com.project.testCases.UpdateProjectByProjectId -->
