<?xml version="1.0" encoding="UTF-8"?>
<!-- Generated by org.testng.reporters.JUnitReportReporter -->
<testsuite ignored="0" hostname="G10CHLT018" failures="0" tests="2" name="com.project.testCases.CreateProjectNoteTest" time="3.609" errors="0" timestamp="22 Nov 2019 07:19:03 GMT" skipped="0">
  <testcase classname="com.project.testCases.CreateProjectNoteTest" name="createProjectNoteAsAuthenticatedUser" time="1.674"/>
  <testcase classname="com.project.testCases.CreateProjectNoteTest" name="createProjectNoteAsAdmin" time="1.935"/>
</testsuite> <!-- com.project.testCases.CreateProjectNoteTest -->
