<?xml version="1.0" encoding="UTF-8"?>
<!-- Generated by org.testng.reporters.JUnitReportReporter -->
<testsuite ignored="0" hostname="G10CHLT018" failures="0" tests="1" name="com.project.estimates.ValidateEstimateTest" time="5.851" errors="0" timestamp="17 Sep 2019 12:31:55 GMT" skipped="0">
  <testcase classname="com.project.estimates.ValidateEstimateTest" name="validateEstimateForNoDiscount" time="5.851"/>
</testsuite> <!-- com.project.estimates.ValidateEstimateTest -->
