<?xml version="1.0" encoding="UTF-8"?>
<!-- Generated by org.testng.reporters.JUnitReportReporter -->
<testsuite ignored="0" hostname="G10CHLT018" failures="0" tests="1" name="com.project.scorecard.FilterScorecardTests" time="7.689" errors="0" timestamp="22 Nov 2019 07:19:03 GMT" skipped="0">
  <testcase classname="com.project.scorecard.FilterScorecardTests" name="filterScorecard" time="7.689"/>
</testsuite> <!-- com.project.scorecard.FilterScorecardTests -->
