<?xml version="1.0" encoding="UTF-8"?>
<!-- Generated by org.testng.reporters.JUnitReportReporter -->
<testsuite ignored="0" hostname="G10CHLT018" failures="0" tests="2" name="com.project.testCases.GetEPTests" time="3.211" errors="0" timestamp="22 Nov 2019 07:19:03 GMT" skipped="0">
  <testcase classname="com.project.testCases.GetEPTests" name="getEPbyEPIdAsAdmin" time="1.609"/>
  <testcase classname="com.project.testCases.GetEPTests" name="getEPbyEPId" time="1.602"/>
</testsuite> <!-- com.project.testCases.GetEPTests -->
