<?xml version="1.0" encoding="UTF-8"?>
<!-- Generated by org.testng.reporters.JUnitReportReporter -->
<testsuite ignored="0" hostname="G10CHLT018" failures="0" tests="2" name="com.autentication.testCases.SignInAPITest" time="7.432" errors="0" timestamp="22 Nov 2019 07:19:03 GMT" skipped="0">
  <testcase classname="com.autentication.testCases.SignInAPITest" name="writeTokenForAdminUser" time="5.357"/>
  <testcase classname="com.autentication.testCases.SignInAPITest" name="writeTokenForAuthenticatedUser" time="2.075"/>
</testsuite> <!-- com.autentication.testCases.SignInAPITest -->
