<?xml version="1.0" encoding="UTF-8"?>
<!-- Generated by org.testng.reporters.JUnitReportReporter -->
<testsuite ignored="0" hostname="G10CHLT018" failures="0" tests="1" name="com.portfolio.testCases.GetPortfolioProjectSummaryTests" time="1.626" errors="0" timestamp="22 Nov 2019 07:19:03 GMT" skipped="0">
  <testcase classname="com.portfolio.testCases.GetPortfolioProjectSummaryTests" name="getPortfolioProjectSummary" time="1.626"/>
</testsuite> <!-- com.portfolio.testCases.GetPortfolioProjectSummaryTests -->
