<?xml version="1.0" encoding="UTF-8"?>
<!-- Generated by org.testng.reporters.JUnitReportReporter -->
<testsuite ignored="0" hostname="G10CHLT018" failures="0" tests="3" name="com.autentication.testCases.SignInAPITest" time="9.095" errors="0" timestamp="11 Sep 2019 12:00:05 GMT" skipped="0">
  <testcase classname="com.autentication.testCases.SignInAPITest" name="testValidEmailPassword" time="5.221"/>
  <testcase classname="com.autentication.testCases.SignInAPITest" name="writeTokenForAuthenticatedUser" time="2.263"/>
  <testcase classname="com.autentication.testCases.SignInAPITest" name="testValidEmailPassword" time="1.611"/>
</testsuite> <!-- com.autentication.testCases.SignInAPITest -->
