<?xml version="1.0" encoding="UTF-8"?>
<!-- Generated by org.testng.reporters.JUnitReportReporter -->
<testsuite ignored="0" hostname="G10CHLT018" failures="0" tests="1" name="com.project.testCases.StoreNewProjectTest" time="2.850" errors="0" timestamp="22 Nov 2019 07:19:03 GMT" skipped="0">
  <testcase classname="com.project.testCases.StoreNewProjectTest" name="storeProject" time="2.850"/>
</testsuite> <!-- com.project.testCases.StoreNewProjectTest -->
