<?xml version="1.0" encoding="UTF-8"?>
<!-- Generated by org.testng.reporters.JUnitReportReporter -->
<testsuite ignored="0" hostname="G10CHLT018" failures="0" tests="1" name="com.project.estimates.CreateEstimateTest" time="1.854" errors="0" timestamp="11 Sep 2019 12:00:05 GMT" skipped="0">
  <testcase classname="com.project.estimates.CreateEstimateTest" name="createEstimate" time="1.854"/>
</testsuite> <!-- com.project.estimates.CreateEstimateTest -->
