<?xml version="1.0" encoding="UTF-8"?>
<!-- Generated by org.testng.reporters.JUnitReportReporter -->
<testsuite ignored="0" hostname="G10CHLT018" failures="0" tests="2" name="com.project.testCases.UpdateEPAsInfoRequested" time="4.182" errors="0" timestamp="22 Nov 2019 07:19:03 GMT" skipped="0">
  <testcase classname="com.project.testCases.UpdateEPAsInfoRequested" name="UpdateEPAsAdmin" time="2.559"/>
  <testcase classname="com.project.testCases.UpdateEPAsInfoRequested" name="UpdateEPAsAuthenticatedUser" time="1.623"/>
</testsuite> <!-- com.project.testCases.UpdateEPAsInfoRequested -->
