<?xml version="1.0" encoding="UTF-8"?>
<!-- Generated by org.testng.reporters.JUnitReportReporter -->
<testsuite ignored="0" hostname="G10CHLT018" failures="0" tests="2" name="com.project.testCases.ResubmitAAP" time="5.470" errors="0" timestamp="22 Nov 2019 07:19:03 GMT" skipped="0">
  <testcase classname="com.project.testCases.ResubmitAAP" name="UpdateComment" time="2.123"/>
  <testcase classname="com.project.testCases.ResubmitAAP" name="reSubmitAAP" time="3.347"/>
</testsuite> <!-- com.project.testCases.ResubmitAAP -->
