<?xml version="1.0" encoding="UTF-8"?>
<!-- Generated by org.testng.reporters.JUnitReportReporter -->
<testsuite ignored="0" hostname="G10CHLT018" failures="0" tests="2" name="com.project.testCases.InviteProjectMemberTest" time="4.118" errors="0" timestamp="22 Nov 2019 07:19:03 GMT" skipped="0">
  <testcase classname="com.project.testCases.InviteProjectMemberTest" name="assertInvitedMember" time="1.790"/>
  <testcase classname="com.project.testCases.InviteProjectMemberTest" name="inviteMemberAsProjectManager" time="2.328"/>
</testsuite> <!-- com.project.testCases.InviteProjectMemberTest -->
