<?xml version="1.0" encoding="UTF-8"?>
<!-- Generated by org.testng.reporters.JUnitReportReporter -->
<testsuite ignored="0" hostname="G10CHLT018" failures="0" tests="1" name="com.users.testCases.LogoutTestClass" time="1.576" errors="0" timestamp="22 Nov 2019 07:19:03 GMT" skipped="0">
  <testcase classname="com.users.testCases.LogoutTestClass" name="logoutTest" time="1.576"/>
</testsuite> <!-- com.users.testCases.LogoutTestClass -->
