<?xml version="1.0" encoding="UTF-8"?>
<!-- Generated by org.testng.reporters.JUnitReportReporter -->
<testsuite ignored="0" hostname="G10CHLT018" failures="0" tests="2" name="com.project.testCases.AssertInvitedProjectMemberPrivileges" time="4.438" errors="0" timestamp="22 Nov 2019 07:19:03 GMT" skipped="0">
  <testcase classname="com.project.testCases.AssertInvitedProjectMemberPrivileges" name="writeTokenForInvitedMember" time="2.024"/>
  <testcase classname="com.project.testCases.AssertInvitedProjectMemberPrivileges" name="createNoteAsProjectMember" time="2.414"/>
</testsuite> <!-- com.project.testCases.AssertInvitedProjectMemberPrivileges -->
