<?xml version="1.0" encoding="UTF-8"?>
<!-- Generated by org.testng.reporters.JUnitReportReporter -->
<testsuite ignored="0" hostname="G10CHLT018" failures="0" tests="1" name="com.common.utils.Writecountrycode" time="9.451" errors="0" timestamp="06 Sep 2019 17:52:24 GMT" skipped="0">
  <testcase classname="com.common.utils.Writecountrycode" name="writecountry" time="9.451"/>
</testsuite> <!-- com.common.utils.Writecountrycode -->
