<?xml version="1.0" encoding="UTF-8"?>
<!-- Generated by org.testng.reporters.JUnitReportReporter -->
<testsuite ignored="0" hostname="G10CHLT018" failures="0" tests="1" name="com.portfolio.testCases.GetPortfolioScorecardTests" time="9.552" errors="0" timestamp="14 Nov 2019 10:19:01 GMT" skipped="0">
  <testcase classname="com.portfolio.testCases.GetPortfolioScorecardTests" name="getPortfolioScorecard" time="9.552"/>
</testsuite> <!-- com.portfolio.testCases.GetPortfolioScorecardTests -->
