<?xml version="1.0" encoding="UTF-8"?>
<!-- Generated by org.testng.reporters.JUnitReportReporter -->
<testsuite ignored="0" hostname="G10CHLT018" failures="0" tests="3" name="com.autentication.testCases.RegisterAPITest" time="5.202" errors="0" timestamp="11 Sep 2019 12:00:05 GMT" skipped="0">
  <testcase classname="com.autentication.testCases.RegisterAPITest" name="testExistingUserRegistration" time="1.408"/>
  <testcase classname="com.autentication.testCases.RegisterAPITest" name="testUserRegistration" time="2.349"/>
  <testcase classname="com.autentication.testCases.RegisterAPITest" name="testExistingUserRegistration" time="1.445"/>
</testsuite> <!-- com.autentication.testCases.RegisterAPITest -->
