<?xml version="1.0" encoding="UTF-8"?>
<!-- Generated by org.testng.reporters.JUnitReportReporter -->
<testsuite ignored="0" hostname="G10CHLT018" failures="0" tests="1" name="com.wellv1.project.CreateV1ProjectTest" time="3.205" errors="0" timestamp="22 Nov 2019 07:19:03 GMT" skipped="0">
  <testcase classname="com.wellv1.project.CreateV1ProjectTest" name="createV1Project" time="3.205"/>
</testsuite> <!-- com.wellv1.project.CreateV1ProjectTest -->
