<?xml version="1.0" encoding="UTF-8"?>
<!-- Generated by org.testng.reporters.JUnitReportReporter -->
<testsuite ignored="0" hostname="G10CHLT018" failures="0" tests="2" name="authentication.RegisterAPITest" time="5.425" errors="0" timestamp="21 Aug 2019 10:47:28 GMT" skipped="0">
  <testcase classname="authentication.RegisterAPITest" name="testExistingUserRegistration" time="1.274"/>
  <testcase classname="authentication.RegisterAPITest" name="testExistingUserRegistration" time="4.151"/>
</testsuite> <!-- authentication.RegisterAPITest -->
