<?xml version="1.0" encoding="UTF-8"?>
<!-- Generated by org.testng.reporters.JUnitReportReporter -->
<testsuite ignored="0" hostname="G10CHLT018" failures="0" tests="1" name="com.project.estimates.UpdateEstimateTest" time="1.644" errors="0" timestamp="11 Sep 2019 12:00:05 GMT" skipped="0">
  <testcase classname="com.project.estimates.UpdateEstimateTest" name="updateEstimatebyEstimateId" time="1.644"/>
</testsuite> <!-- com.project.estimates.UpdateEstimateTest -->
