<?xml version="1.0" encoding="UTF-8"?>
<!-- Generated by org.testng.reporters.JUnitReportReporter -->
<testsuite ignored="0" hostname="G10CHLT018" failures="0" tests="2" name="com.portfolio.testCases.UpdateSurveyStatusTests" time="3.292" errors="0" timestamp="22 Nov 2019 07:19:03 GMT" skipped="0">
  <testcase classname="com.portfolio.testCases.UpdateSurveyStatusTests" name="updateSurveyStatusToCompleted" time="1.656"/>
  <testcase classname="com.portfolio.testCases.UpdateSurveyStatusTests" name="updateSurveyStatusToStarted" time="1.636"/>
</testsuite> <!-- com.portfolio.testCases.UpdateSurveyStatusTests -->
