<?xml version="1.0" encoding="UTF-8"?>
<!-- Generated by org.testng.reporters.JUnitReportReporter -->
<testsuite ignored="0" hostname="G10CHLT018" failures="0" tests="2" name="com.project.testCases.CreateProjectAAPTest" time="5.484" errors="0" timestamp="22 Nov 2019 07:19:03 GMT" skipped="0">
  <testcase classname="com.project.testCases.CreateProjectAAPTest" name="createProjectEP" time="2.760"/>
  <testcase classname="com.project.testCases.CreateProjectAAPTest" name="createProjectAAP" time="2.724"/>
</testsuite> <!-- com.project.testCases.CreateProjectAAPTest -->
