<?xml version="1.0" encoding="UTF-8"?>
<!-- Generated by org.testng.reporters.JUnitReportReporter -->
<testsuite ignored="0" hostname="G10CHLT018" failures="0" tests="2" name="com.project.testCases.ResubmitEP" time="6.767" errors="0" timestamp="22 Nov 2019 07:19:03 GMT" skipped="0">
  <testcase classname="com.project.testCases.ResubmitEP" name="UpdateCommentForEP" time="2.054"/>
  <testcase classname="com.project.testCases.ResubmitEP" name="reSubmitAAP" time="4.713"/>
</testsuite> <!-- com.project.testCases.ResubmitEP -->
