<?xml version="1.0" encoding="UTF-8"?>
<!-- Generated by org.testng.reporters.JUnitReportReporter -->
<testsuite ignored="0" hostname="G10CHLT018" failures="0" tests="2" name="com.project.testCases.UpdateAAPAsInfoRequested" time="4.291" errors="0" timestamp="22 Nov 2019 07:19:03 GMT" skipped="0">
  <testcase classname="com.project.testCases.UpdateAAPAsInfoRequested" name="UpdateAAPAsAdmin" time="2.755"/>
  <testcase classname="com.project.testCases.UpdateAAPAsInfoRequested" name="UpdateAAPAsAuthenticatedUser" time="1.536"/>
</testsuite> <!-- com.project.testCases.UpdateAAPAsInfoRequested -->
