<?xml version="1.0" encoding="UTF-8"?>
<!-- Generated by org.testng.reporters.JUnitReportReporter -->
<testsuite ignored="0" hostname="G10CHLT018" failures="0" tests="1" name="com.users.testCases.GetUserIdInfo" time="1.836" errors="0" timestamp="22 Nov 2019 07:19:03 GMT" skipped="0">
  <testcase classname="com.users.testCases.GetUserIdInfo" name="getUserInfo" time="1.836"/>
</testsuite> <!-- com.users.testCases.GetUserIdInfo -->
