<?xml version="1.0" encoding="UTF-8"?>
<!-- Generated by org.testng.reporters.JUnitReportReporter -->
<testsuite ignored="0" hostname="G10CHLT018" failures="0" tests="2" name="com.autentication.testCases.SignInAPITest" time="7.227" errors="0" timestamp="27 Aug 2019 12:14:27 GMT" skipped="0">
  <testcase classname="com.autentication.testCases.SignInAPITest" name="testValidEmailPassword" time="1.712"/>
  <testcase classname="com.autentication.testCases.SignInAPITest" name="testValidEmailPassword" time="5.515"/>
</testsuite> <!-- com.autentication.testCases.SignInAPITest -->
