<?xml version="1.0" encoding="UTF-8"?>
<!-- Generated by org.testng.reporters.JUnitReportReporter -->
<testsuite ignored="0" hostname="G10CHLT018" failures="0" tests="3" name="com.autentication.testCases.RegisterAPITest" time="5.820" errors="0" timestamp="22 Nov 2019 07:19:03 GMT" skipped="0">
  <testcase classname="com.autentication.testCases.RegisterAPITest" name="testExistingUserRegistration" time="1.660"/>
  <testcase classname="com.autentication.testCases.RegisterAPITest" name="testExistingUserRegistration" time="1.549"/>
  <testcase classname="com.autentication.testCases.RegisterAPITest" name="testUserRegistration" time="2.611"/>
</testsuite> <!-- com.autentication.testCases.RegisterAPITest -->
