<?xml version="1.0" encoding="UTF-8"?>
<!-- Generated by org.testng.reporters.JUnitReportReporter -->
<testsuite ignored="0" hostname="G10CHLT018" failures="0" tests="1" name="com.project.scorecard.GetAllNotesByScorecardIdTest" time="1.588" errors="0" timestamp="22 Nov 2019 07:19:03 GMT" skipped="0">
  <testcase classname="com.project.scorecard.GetAllNotesByScorecardIdTest" name="getNotesByScorecardId" time="1.588"/>
</testsuite> <!-- com.project.scorecard.GetAllNotesByScorecardIdTest -->
