<?xml version="1.0" encoding="UTF-8"?>
<!-- Generated by org.testng.reporters.JUnitReportReporter -->
<testsuite ignored="0" hostname="G10CHLT018" failures="0" tests="2" name="com.users.testCases.UpdateUserIdTest" time="3.729" errors="0" timestamp="22 Nov 2019 07:19:03 GMT" skipped="0">
  <testcase classname="com.users.testCases.UpdateUserIdTest" name="updateUserIdOptionalInfo" time="1.821"/>
  <testcase classname="com.users.testCases.UpdateUserIdTest" name="updateUserIdInfo" time="1.908"/>
</testsuite> <!-- com.users.testCases.UpdateUserIdTest -->
