<?xml version="1.0" encoding="UTF-8"?>
<!-- Generated by org.testng.reporters.JUnitReportReporter -->
<testsuite ignored="0" hostname="G10CHLT018" failures="0" tests="4" name="authentication.SignInAPITest" time="8.689" errors="0" timestamp="21 Aug 2019 10:13:01 GMT" skipped="0">
  <testcase classname="authentication.SignInAPITest" name="testInvalidEmail" time="4.687"/>
  <testcase classname="authentication.SignInAPITest" name="testValidEmailPassword" time="1.305"/>
  <testcase classname="authentication.SignInAPITest" name="testInvalidEmail" time="1.326"/>
  <testcase classname="authentication.SignInAPITest" name="testValidEmailPassword" time="1.371"/>
</testsuite> <!-- authentication.SignInAPITest -->
