<?xml version="1.0" encoding="UTF-8"?>
<!-- Generated by org.testng.reporters.JUnitReportReporter -->
<testsuite ignored="0" hostname="G10CHLT018" failures="0" tests="1" name="com.project.testCases.UpdateAAPTest" time="7.477" errors="0" timestamp="04 Oct 2019 07:03:58 GMT" skipped="0">
  <testcase classname="com.project.testCases.UpdateAAPTest" name="reSubmitAAP" time="7.477"/>
</testsuite> <!-- com.project.testCases.UpdateAAPTest -->
