<?xml version="1.0" encoding="UTF-8"?>
<!-- Generated by org.testng.reporters.JUnitReportReporter -->
<testsuite ignored="0" hostname="G10CHLT018" failures="0" tests="1" name="com.project.scorecard.GetNoteByFeatureIdTest" time="13.839" errors="0" timestamp="17 Oct 2019 12:29:43 GMT" skipped="0">
  <testcase classname="com.project.scorecard.GetNoteByFeatureIdTest" name="getScorecardNoteByFeatureId" time="13.839"/>
</testsuite> <!-- com.project.scorecard.GetNoteByFeatureIdTest -->
