<?xml version="1.0" encoding="UTF-8"?>
<!-- Generated by org.testng.reporters.JUnitReportReporter -->
<testsuite ignored="0" hostname="G10CHLT018" failures="0" tests="1" name="com.autentication.testCases.ResetPasswordAPITest" time="1.542" errors="0" timestamp="26 Aug 2019 15:48:04 GMT" skipped="0">
  <testcase classname="com.autentication.testCases.ResetPasswordAPITest" name="testForgotPassword" time="1.542"/>
</testsuite> <!-- com.autentication.testCases.ResetPasswordAPITest -->
