<?xml version="1.0" encoding="UTF-8"?>
<!-- Generated by org.testng.reporters.JUnitReportReporter -->
<testsuite ignored="0" hostname="G10CHLT018" failures="0" tests="1" name="com.project.scorecard.UpdateScoreInImplementationScorecardTest" time="4.924" errors="0" timestamp="23 Oct 2019 09:08:20 GMT" skipped="0">
  <testcase classname="com.project.scorecard.UpdateScoreInImplementationScorecardTest" name="updateScoreInImplemenPhaseScorecardTest" time="4.924"/>
</testsuite> <!-- com.project.scorecard.UpdateScoreInImplementationScorecardTest -->
