<?xml version="1.0" encoding="UTF-8"?>
<!-- Generated by org.testng.reporters.JUnitReportReporter -->
<testsuite ignored="0" hostname="G10CHLT018" failures="0" tests="1" name="com.portfolio.testCases.AddProjectsToPortfolioTests" time="3.354" errors="0" timestamp="22 Nov 2019 07:19:03 GMT" skipped="0">
  <testcase classname="com.portfolio.testCases.AddProjectsToPortfolioTests" name="addProjectsToPortfolio" time="3.354"/>
</testsuite> <!-- com.portfolio.testCases.AddProjectsToPortfolioTests -->
