<?xml version="1.0" encoding="UTF-8"?>
<!-- Generated by org.testng.reporters.JUnitReportReporter -->
<testsuite ignored="0" hostname="G10CHLT018" failures="0" tests="1" name="com.project.testCases.UpdateAPPAsApproved" time="4.826" errors="0" timestamp="04 Oct 2019 07:12:42 GMT" skipped="0">
  <testcase classname="com.project.testCases.UpdateAPPAsApproved" name="testApprovedStatusAAP" time="4.826"/>
</testsuite> <!-- com.project.testCases.UpdateAPPAsApproved -->
