<?xml version="1.0" encoding="UTF-8"?>
<!-- Generated by org.testng.reporters.JUnitReportReporter -->
<testsuite ignored="0" hostname="G10CHLT018" failures="0" tests="1" name="com.wellv1.project.GetV1ProjectById" time="2.029" errors="0" timestamp="22 Nov 2019 07:19:03 GMT" skipped="0">
  <testcase classname="com.wellv1.project.GetV1ProjectById" name="getV1ProjectById" time="2.029"/>
</testsuite> <!-- com.wellv1.project.GetV1ProjectById -->
