<?xml version="1.0" encoding="UTF-8"?>
<!-- Generated by org.testng.reporters.JUnitReportReporter -->
<testsuite ignored="0" hostname="G10CHLT018" failures="0" tests="5" name="com.portfolio.testCases.PortfolioBulkUpdateTests" time="10.737" errors="0" timestamp="22 Nov 2019 07:19:03 GMT" skipped="0">
  <testcase classname="com.portfolio.testCases.PortfolioBulkUpdateTests" name="portfolioBulkUpdateOwnerName" time="2.157"/>
  <testcase classname="com.portfolio.testCases.PortfolioBulkUpdateTests" name="portfolioBulkUpdateIndustry" time="2.444"/>
  <testcase classname="com.portfolio.testCases.PortfolioBulkUpdateTests" name="portfolioBulkUpdateprojectpublic" time="2.022"/>
  <testcase classname="com.portfolio.testCases.PortfolioBulkUpdateTests" name="portfolioBulkUpdateConstructionStatus" time="2.091"/>
  <testcase classname="com.portfolio.testCases.PortfolioBulkUpdateTests" name="portfolioBulkUpdateFund" time="2.023"/>
</testsuite> <!-- com.portfolio.testCases.PortfolioBulkUpdateTests -->
