<?xml version="1.0" encoding="UTF-8"?>
<!-- Generated by org.testng.reporters.JUnitReportReporter -->
<testsuite ignored="0" hostname="G10CHLT018" failures="0" tests="4" name="com.project.testCases.GetAAPTests" time="8.572" errors="0" timestamp="22 Nov 2019 07:19:03 GMT" skipped="0">
  <testcase classname="com.project.testCases.GetAAPTests" name="getAAPbyAAPId" time="2.047"/>
  <testcase classname="com.project.testCases.GetAAPTests" name="getAAPAllAsAdmin" time="2.580"/>
  <testcase classname="com.project.testCases.GetAAPTests" name="getAAPAll" time="2.301"/>
  <testcase classname="com.project.testCases.GetAAPTests" name="getAAPbyAAPIdAsAdmin" time="1.644"/>
</testsuite> <!-- com.project.testCases.GetAAPTests -->
