<?xml version="1.0" encoding="UTF-8"?>
<!-- Generated by org.testng.reporters.JUnitReportReporter -->
<testsuite ignored="0" hostname="G10CHLT018" failures="0" tests="1" name="com.project.scorecard.UpdateScorecardTests" time="1.909" errors="0" timestamp="22 Nov 2019 07:19:03 GMT" skipped="0">
  <testcase classname="com.project.scorecard.UpdateScorecardTests" name="updateScorecard" time="1.909"/>
</testsuite> <!-- com.project.scorecard.UpdateScorecardTests -->
