<?xml version="1.0" encoding="UTF-8"?>
<!-- Generated by org.testng.reporters.JUnitReportReporter -->
<testsuite ignored="0" hostname="G10CHLT018" failures="0" tests="2" name="com.project.testCases.InviteProjectMemberTest" time="5.186" errors="0" timestamp="11 Sep 2019 12:00:05 GMT" skipped="0">
  <testcase classname="com.project.testCases.InviteProjectMemberTest" name="assertInvitedMember" time="2.635"/>
  <testcase classname="com.project.testCases.InviteProjectMemberTest" name="inviteMember" time="2.551"/>
</testsuite> <!-- com.project.testCases.InviteProjectMemberTest -->
