<?xml version="1.0" encoding="UTF-8"?>
<!-- Generated by org.testng.reporters.JUnitReportReporter -->
<testsuite ignored="0" hostname="G10CHLT018" failures="0" tests="1" name="com.portfolio.testCases.StorePortfolioTests" time="2.410" errors="0" timestamp="22 Nov 2019 07:19:03 GMT" skipped="0">
  <testcase classname="com.portfolio.testCases.StorePortfolioTests" name="storePortfolio" time="2.410"/>
</testsuite> <!-- com.portfolio.testCases.StorePortfolioTests -->
