<?xml version="1.0" encoding="UTF-8"?>
<!-- Generated by org.testng.reporters.JUnitReportReporter -->
<testsuite ignored="0" hostname="G10CHLT018" failures="0" tests="1" name="com.portfolio.testCases.GetConceptPhaseSummaryTests" time="3.984" errors="0" timestamp="15 Nov 2019 12:06:38 GMT" skipped="0">
  <testcase classname="com.portfolio.testCases.GetConceptPhaseSummaryTests" name="getConceptPhaseSummaryByScorecardId" time="3.984"/>
</testsuite> <!-- com.portfolio.testCases.GetConceptPhaseSummaryTests -->
